

*******************************************************************************
Thu Mar 11 20:24:12 2021


FIT:    data read from workhome0."e0_n.dat" using 1:2
        format = x:z
        #datapoints = 4
        residuals are weighted equally (unit weight)

function used for fitting: f(x)
	f(x)=2*b+x*a
fitted parameters initialized with current variable values

iter      chisq       delta/lim  lambda   a             b            
   0 2.5900715169e+04   0.00e+00  1.94e+01    1.000000e+00   1.000000e+00
   5 1.2531251230e-04  -5.87e-04  1.94e-04   -1.894980e+00   3.512513e-01

After 5 iterations the fit converged.
final sum of squares of residuals : 0.000125313
rel. change during last iteration : -5.87416e-09

degrees of freedom    (FIT_NDF)                        : 2
rms of residuals      (FIT_STDFIT) = sqrt(WSSR/ndf)    : 0.00791557
variance of residuals (reduced chisquare) = WSSR/ndf   : 6.26563e-05

Final set of parameters            Asymptotic Standard Error
=======================            ==========================
a               = -1.89498         +/- 0.000354     (0.01868%)
b               = 0.351251         +/- 0.004847     (1.38%)

correlation matrix of the fit parameters:
                a      b      
a               1.000 
b              -0.913  1.000 


*******************************************************************************
Thu Mar 11 20:32:06 2021


FIT:    data read from workhome0."e0_n.dat" using 1:2
        format = x:z
        #datapoints = 4
        residuals are weighted equally (unit weight)

function used for fitting: f(x)
	f(x)=2*S*b+x*a
fitted parameters initialized with current variable values

iter      chisq       delta/lim  lambda   a             b            
   0 4.0599681611e+04   0.00e+00  2.56e+01    1.000000e+00   1.000000e+00
   5 1.2531251230e-04  -3.48e-08  2.56e-04   -1.894980e+00   2.959899e-02

After 5 iterations the fit converged.
final sum of squares of residuals : 0.000125313
rel. change during last iteration : -3.48459e-13

degrees of freedom    (FIT_NDF)                        : 2
rms of residuals      (FIT_STDFIT) = sqrt(WSSR/ndf)    : 0.00791557
variance of residuals (reduced chisquare) = WSSR/ndf   : 6.26563e-05

Final set of parameters            Asymptotic Standard Error
=======================            ==========================
a               = -1.89498         +/- 0.000354     (0.01868%)
b               = 0.029599         +/- 0.0004085    (1.38%)

correlation matrix of the fit parameters:
                a      b      
a               1.000 
b              -0.913  1.000 


*******************************************************************************
Thu Mar 11 20:36:44 2021


FIT:    data read from workhome0."e0_n.dat" using 1:2
        format = x:z
        #datapoints = 4
        residuals are weighted equally (unit weight)

function used for fitting: f(x)
	f(x)=2*S*b+x*a
fitted parameters initialized with current variable values

iter      chisq       delta/lim  lambda   a             b            
   0 4.0599681611e+04   0.00e+00  2.56e+01    1.000000e+00   1.000000e+00
   5 1.2531251230e-04  -3.48e-08  2.56e-04   -1.894980e+00   2.959899e-02

After 5 iterations the fit converged.
final sum of squares of residuals : 0.000125313
rel. change during last iteration : -3.48459e-13

degrees of freedom    (FIT_NDF)                        : 2
rms of residuals      (FIT_STDFIT) = sqrt(WSSR/ndf)    : 0.00791557
variance of residuals (reduced chisquare) = WSSR/ndf   : 6.26563e-05

Final set of parameters            Asymptotic Standard Error
=======================            ==========================
a               = -1.89498         +/- 0.000354     (0.01868%)
b               = 0.029599         +/- 0.0004085    (1.38%)

correlation matrix of the fit parameters:
                a      b      
a               1.000 
b              -0.913  1.000 


*******************************************************************************
Thu Mar 11 20:37:34 2021


FIT:    data read from workhome0."e0_n.dat" using 1:2
        format = x:z
        #datapoints = 4
        residuals are weighted equally (unit weight)

function used for fitting: f(x)
	f(x)=2*S*b+x*a
fitted parameters initialized with current variable values

iter      chisq       delta/lim  lambda   a             b            
   0 4.0599681611e+04   0.00e+00  2.56e+01    1.000000e+00   1.000000e+00
   5 1.2531251230e-04  -3.48e-08  2.56e-04   -1.894980e+00   2.959899e-02

After 5 iterations the fit converged.
final sum of squares of residuals : 0.000125313
rel. change during last iteration : -3.48459e-13

degrees of freedom    (FIT_NDF)                        : 2
rms of residuals      (FIT_STDFIT) = sqrt(WSSR/ndf)    : 0.00791557
variance of residuals (reduced chisquare) = WSSR/ndf   : 6.26563e-05

Final set of parameters            Asymptotic Standard Error
=======================            ==========================
a               = -1.89498         +/- 0.000354     (0.01868%)
b               = 0.029599         +/- 0.0004085    (1.38%)

correlation matrix of the fit parameters:
                a      b      
a               1.000 
b              -0.913  1.000 


*******************************************************************************
Thu Mar 11 20:40:21 2021


FIT:    data read from workhome0."e0_n.dat" using 1:2
        format = x:z
        #datapoints = 4
        residuals are weighted equally (unit weight)

function used for fitting: f(x)
	f(x)=2*S*b+x*a
fitted parameters initialized with current variable values

iter      chisq       delta/lim  lambda   a             b            
   0 4.0599681611e+04   0.00e+00  2.56e+01    1.000000e+00   1.000000e+00
   5 1.2531251230e-04  -3.48e-08  2.56e-04   -1.894980e+00   2.959899e-02

After 5 iterations the fit converged.
final sum of squares of residuals : 0.000125313
rel. change during last iteration : -3.48459e-13

degrees of freedom    (FIT_NDF)                        : 2
rms of residuals      (FIT_STDFIT) = sqrt(WSSR/ndf)    : 0.00791557
variance of residuals (reduced chisquare) = WSSR/ndf   : 6.26563e-05

Final set of parameters            Asymptotic Standard Error
=======================            ==========================
a               = -1.89498         +/- 0.000354     (0.01868%)
b               = 0.029599         +/- 0.0004085    (1.38%)

correlation matrix of the fit parameters:
                a      b      
a               1.000 
b              -0.913  1.000 


*******************************************************************************
Thu Mar 11 20:41:22 2021


FIT:    data read from workhome0."e0_n.dat" using 1:2
        format = x:z
        #datapoints = 4
        residuals are weighted equally (unit weight)

function used for fitting: f(x)
	f(x)=2*S*b+x*a
fitted parameters initialized with current variable values

iter      chisq       delta/lim  lambda   a             b            
   0 4.0599681611e+04   0.00e+00  2.56e+01    1.000000e+00   1.000000e+00
   5 1.2531251230e-04  -3.48e-08  2.56e-04   -1.894980e+00   2.959899e-02

After 5 iterations the fit converged.
final sum of squares of residuals : 0.000125313
rel. change during last iteration : -3.48459e-13

degrees of freedom    (FIT_NDF)                        : 2
rms of residuals      (FIT_STDFIT) = sqrt(WSSR/ndf)    : 0.00791557
variance of residuals (reduced chisquare) = WSSR/ndf   : 6.26563e-05

Final set of parameters            Asymptotic Standard Error
=======================            ==========================
a               = -1.89498         +/- 0.000354     (0.01868%)
b               = 0.029599         +/- 0.0004085    (1.38%)

correlation matrix of the fit parameters:
                a      b      
a               1.000 
b              -0.913  1.000 


*******************************************************************************
Thu Mar 11 20:41:37 2021


FIT:    data read from workhome0."e0_n.dat" using 1:2
        format = x:z
        #datapoints = 4
        residuals are weighted equally (unit weight)

function used for fitting: f(x)
	f(x)=2*S*b+x*a
fitted parameters initialized with current variable values

iter      chisq       delta/lim  lambda   a             b            
   0 4.0599681611e+04   0.00e+00  2.56e+01    1.000000e+00   1.000000e+00
   5 1.2531251230e-04  -3.48e-08  2.56e-04   -1.894980e+00   2.959899e-02

After 5 iterations the fit converged.
final sum of squares of residuals : 0.000125313
rel. change during last iteration : -3.48459e-13

degrees of freedom    (FIT_NDF)                        : 2
rms of residuals      (FIT_STDFIT) = sqrt(WSSR/ndf)    : 0.00791557
variance of residuals (reduced chisquare) = WSSR/ndf   : 6.26563e-05

Final set of parameters            Asymptotic Standard Error
=======================            ==========================
a               = -1.89498         +/- 0.000354     (0.01868%)
b               = 0.029599         +/- 0.0004085    (1.38%)

correlation matrix of the fit parameters:
                a      b      
a               1.000 
b              -0.913  1.000 


*******************************************************************************
Thu Mar 11 20:41:50 2021


FIT:    data read from workhome0."e0_n.dat" using 1:2
        format = x:z
        #datapoints = 4
        residuals are weighted equally (unit weight)

function used for fitting: f(x)
	f(x)=2*S*b+x*a
fitted parameters initialized with current variable values

iter      chisq       delta/lim  lambda   a             b            
   0 4.0599681611e+04   0.00e+00  2.56e+01    1.000000e+00   1.000000e+00
   5 1.2531251230e-04  -3.48e-08  2.56e-04   -1.894980e+00   2.959899e-02

After 5 iterations the fit converged.
final sum of squares of residuals : 0.000125313
rel. change during last iteration : -3.48459e-13

degrees of freedom    (FIT_NDF)                        : 2
rms of residuals      (FIT_STDFIT) = sqrt(WSSR/ndf)    : 0.00791557
variance of residuals (reduced chisquare) = WSSR/ndf   : 6.26563e-05

Final set of parameters            Asymptotic Standard Error
=======================            ==========================
a               = -1.89498         +/- 0.000354     (0.01868%)
b               = 0.029599         +/- 0.0004085    (1.38%)

correlation matrix of the fit parameters:
                a      b      
a               1.000 
b              -0.913  1.000 
